<?xml version="1.0" encoding="UTF-8"?>
<testsuite name="IntroLabTest" tests="1" skipped="0" failures="0" errors="0" timestamp="2022-09-12T19:21:50" hostname="DESKTOP-DDOCC3S" time="0.031">
  <properties/>
  <testcase name="testmishrada" classname="IntroLabTest" time="0.031"/>
  <system-out><![CDATA[]]></system-out>
  <system-err><![CDATA[]]></system-err>
</testsuite>
